;  LST file generated by mikroListExporter - v.2.0 
; Date/Time: 23/04/2020 18:03:20
;----------------------------------------------

;Address Opcode 	ASM
0x0000	0x281D      	GOTO       29
_read_eeprom:
;EEPROM_SPI.c,23 :: 		void read_eeprom(unsigned char dir){
;EEPROM_SPI.c,24 :: 		CS = 0;
0x0003	0x1283      	BCF        STATUS, 5
0x0004	0x1303      	BCF        STATUS, 6
0x0005	0x1008      	BCF        PORTD, 0
;EEPROM_SPI.c,25 :: 		SSPBUF = READ;
0x0006	0x3003      	MOVLW      3
0x0007	0x0093      	MOVWF      SSPBUF
;EEPROM_SPI.c,26 :: 		while(!SSPSTAT.BF);
L_read_eeprom8:
0x0008	0x1683      	BSF        STATUS, 5
0x0009	0x1814      	BTFSC      SSPSTAT, 0
0x000A	0x280C      	GOTO       L_read_eeprom9
0x000B	0x2808      	GOTO       L_read_eeprom8
L_read_eeprom9:
;EEPROM_SPI.c,27 :: 		SSPBUF = dir;
0x000C	0x1283      	BCF        STATUS, 5
0x000D	0x0822      	MOVF       FARG_read_eeprom_dir, 0
0x000E	0x0093      	MOVWF      SSPBUF
;EEPROM_SPI.c,28 :: 		while(!SSPSTAT.BF);
L_read_eeprom10:
0x000F	0x1683      	BSF        STATUS, 5
0x0010	0x1814      	BTFSC      SSPSTAT, 0
0x0011	0x2813      	GOTO       L_read_eeprom11
0x0012	0x280F      	GOTO       L_read_eeprom10
L_read_eeprom11:
;EEPROM_SPI.c,29 :: 		SSPBUF = 0xFF;
0x0013	0x30FF      	MOVLW      255
0x0014	0x1283      	BCF        STATUS, 5
0x0015	0x0093      	MOVWF      SSPBUF
;EEPROM_SPI.c,30 :: 		while(!SSPSTAT.BF);
L_read_eeprom12:
0x0016	0x1683      	BSF        STATUS, 5
0x0017	0x1814      	BTFSC      SSPSTAT, 0
0x0018	0x281A      	GOTO       L_read_eeprom13
0x0019	0x2816      	GOTO       L_read_eeprom12
L_read_eeprom13:
;EEPROM_SPI.c,31 :: 		CS = 1;
0x001A	0x1283      	BCF        STATUS, 5
0x001B	0x1408      	BSF        PORTD, 0
;EEPROM_SPI.c,32 :: 		}
L_end_read_eeprom:
0x001C	0x0008      	RETURN
; end of _read_eeprom
_main:
;EEPROM_SPI.c,34 :: 		void main() {
;EEPROM_SPI.c,35 :: 		unsigned int valor = 0, i=0;
;EEPROM_SPI.c,36 :: 		unsigned char temporal = 0;
;EEPROM_SPI.c,37 :: 		TRISC.F3 = 0; //CLK SPI
0x001D	0x1683      	BSF        STATUS, 5
0x001E	0x1303      	BCF        STATUS, 6
0x001F	0x1187      	BCF        TRISC, 3
;EEPROM_SPI.c,38 :: 		TRISC.F5 = 0; //MOSI - SDO
0x0020	0x1287      	BCF        TRISC, 5
;EEPROM_SPI.c,39 :: 		TRISC.F4 = 1; //MISO - SDI
0x0021	0x1607      	BSF        TRISC, 4
;EEPROM_SPI.c,40 :: 		TRISD.F0 = 0; //CS
0x0022	0x1008      	BCF        TRISD, 0
;EEPROM_SPI.c,41 :: 		SSPSTAT = 0X40;
0x0023	0x3040      	MOVLW      64
0x0024	0x0094      	MOVWF      SSPSTAT
;EEPROM_SPI.c,42 :: 		SSPCON =  0X20;
0x0025	0x3020      	MOVLW      32
0x0026	0x1283      	BCF        STATUS, 5
0x0027	0x0094      	MOVWF      SSPCON
;EEPROM_SPI.c,43 :: 		CS = 1;
0x0028	0x1408      	BSF        PORTD, 0
;EEPROM_SPI.c,44 :: 		Delay_ms(100);
0x0029	0x3082      	MOVLW      130
0x002A	0x00FC      	MOVWF      R12
0x002B	0x30DD      	MOVLW      221
0x002C	0x00FD      	MOVWF      R13
L_main14:
0x002D	0x0BFD      	DECFSZ     R13, 1
0x002E	0x282D      	GOTO       L_main14
0x002F	0x0BFC      	DECFSZ     R12, 1
0x0030	0x282D      	GOTO       L_main14
0x0031	0x0000      	NOP
0x0032	0x0000      	NOP
;EEPROM_SPI.c,45 :: 		while(1){
L_main15:
;EEPROM_SPI.c,48 :: 		read_eeprom(0x20);
0x0033	0x3020      	MOVLW      32
0x0034	0x00A2      	MOVWF      FARG_read_eeprom_dir
0x0035	0x2003      	CALL       _read_eeprom
;EEPROM_SPI.c,49 :: 		Delay_ms(500);
0x0036	0x3003      	MOVLW      3
0x0037	0x00FB      	MOVWF      R11
0x0038	0x308A      	MOVLW      138
0x0039	0x00FC      	MOVWF      R12
0x003A	0x3055      	MOVLW      85
0x003B	0x00FD      	MOVWF      R13
L_main17:
0x003C	0x0BFD      	DECFSZ     R13, 1
0x003D	0x283C      	GOTO       L_main17
0x003E	0x0BFC      	DECFSZ     R12, 1
0x003F	0x283C      	GOTO       L_main17
0x0040	0x0BFB      	DECFSZ     R11, 1
0x0041	0x283C      	GOTO       L_main17
0x0042	0x0000      	NOP
0x0043	0x0000      	NOP
;EEPROM_SPI.c,50 :: 		}
0x0044	0x2833      	GOTO       L_main15
;EEPROM_SPI.c,51 :: 		}
L_end_main:
0x0045	0x2845      	GOTO       $+0
; end of _main
Symbol List:
//** Routines locations **
//ADDRESS    SIZE    PROCEDURE
//----------------------------------------------
0x0003      [26]    _read_eeprom
0x001D      [41]    _main
//** Variables locations ** 
//ADDRESS    SIZE    VARIABLE
//----------------------------------------------
0x0000       [1]    INDF
0x0003       [1]    STATUS
0x0004       [1]    FSR
0x0008       [1]    PORTD
0x000A       [1]    PCLATH
0x0013       [1]    SSPBUF
0x0014       [1]    SSPCON
0x0020       [2]    ___DoICPAddr
0x0022       [1]    FARG_read_eeprom_dir
0x0070       [1]    R0
0x0071       [1]    R1
0x0072       [1]    R2
0x0073       [1]    R3
0x0074       [1]    R4
0x0075       [1]    R5
0x0076       [1]    R6
0x0077       [1]    R7
0x0078       [1]    R8
0x0079       [1]    R9
0x007A       [1]    R10
0x007B       [1]    R11
0x007C       [1]    R12
0x007D       [1]    R13
0x007E       [1]    R14
0x007F       [1]    R15
0x0087       [1]    TRISC
0x0088       [1]    TRISD
0x0094       [1]    SSPSTAT
