;  LST file generated by mikroListExporter - v.2.0 
; Date/Time: 28/04/2020 05:32:13 p. m.
;----------------------------------------------

;Address Opcode 	ASM
0x0000	0x28C0      	GOTO       192
_UART1_Data_Ready:
;__Lib_UART_c67.c,16 :: 		
;__Lib_UART_c67.c,17 :: 		
0x0003	0x3000      	MOVLW      0
0x0004	0x1283      	BCF        STATUS, 5
0x0005	0x1303      	BCF        STATUS, 6
0x0006	0x1A8C      	BTFSC      PIR1, 5
0x0007	0x3001      	MOVLW      1
0x0008	0x00F0      	MOVWF      R0
;__Lib_UART_c67.c,18 :: 		
L_end_UART1_Data_Ready:
0x0009	0x0008      	RETURN
; end of _UART1_Data_Ready
_UART1_Read:
;__Lib_UART_c67.c,21 :: 		
;__Lib_UART_c67.c,24 :: 		
0x000A	0x1283      	BCF        STATUS, 5
0x000B	0x1303      	BCF        STATUS, 6
0x000C	0x081A      	MOVF       RCREG, 0
0x000D	0x00F1      	MOVWF      R1
;__Lib_UART_c67.c,25 :: 		
0x000E	0x1C98      	BTFSS      RCSTA, 1
0x000F	0x2812      	GOTO       L_UART1_Read2
;__Lib_UART_c67.c,26 :: 		
0x0010	0x1218      	BCF        RCSTA, 4
;__Lib_UART_c67.c,27 :: 		
0x0011	0x1618      	BSF        RCSTA, 4
;__Lib_UART_c67.c,28 :: 		
L_UART1_Read2:
;__Lib_UART_c67.c,29 :: 		
0x0012	0x0871      	MOVF       R1, 0
0x0013	0x00F0      	MOVWF      R0
;__Lib_UART_c67.c,30 :: 		
L_end_UART1_Read:
0x0014	0x0008      	RETURN
; end of _UART1_Read
_UART1_Write:
;__Lib_UART_c67.c,39 :: 		
;__Lib_UART_c67.c,40 :: 		
L_UART1_Write3:
0x0015	0x1683      	BSF        STATUS, 5
0x0016	0x1303      	BCF        STATUS, 6
0x0017	0x1898      	BTFSC      TXSTA, 1
0x0018	0x281B      	GOTO       L_UART1_Write4
;__Lib_UART_c67.c,41 :: 		
0x0019	0x0000      	NOP
0x001A	0x2815      	GOTO       L_UART1_Write3
L_UART1_Write4:
;__Lib_UART_c67.c,42 :: 		
0x001B	0x1283      	BCF        STATUS, 5
0x001C	0x083A      	MOVF       FARG_UART1_Write_data_, 0
0x001D	0x0099      	MOVWF      TXREG
;__Lib_UART_c67.c,43 :: 		
L_end_UART1_Write:
0x001E	0x0008      	RETURN
; end of _UART1_Write
_spi_transfer:
;Configurador.c,11 :: 		byte spi_transfer(byte info){
;Configurador.c,12 :: 		SSPBUF = info;
0x001F	0x1283      	BCF        STATUS, 5
0x0020	0x1303      	BCF        STATUS, 6
0x0021	0x083A      	MOVF       FARG_spi_transfer_info, 0
0x0022	0x0093      	MOVWF      SSPBUF
;Configurador.c,13 :: 		while(!SSPSTAT.BF);
L_spi_transfer0:
0x0023	0x1683      	BSF        STATUS, 5
0x0024	0x1814      	BTFSC      SSPSTAT, 0
0x0025	0x2827      	GOTO       L_spi_transfer1
0x0026	0x2823      	GOTO       L_spi_transfer0
L_spi_transfer1:
;Configurador.c,14 :: 		return SSPBUF;
0x0027	0x1283      	BCF        STATUS, 5
0x0028	0x0813      	MOVF       SSPBUF, 0
0x0029	0x00F0      	MOVWF      R0
;Configurador.c,15 :: 		}
L_end_spi_transfer:
0x002A	0x0008      	RETURN
; end of _spi_transfer
_UART1_Init:
;__Lib_UART_c67.c,2 :: 		
;__Lib_UART_c67.c,5 :: 		
0x002B	0x1683      	BSF        STATUS, 5
0x002C	0x1303      	BCF        STATUS, 6
0x002D	0x1698      	BSF        TXSTA, 5
;__Lib_UART_c67.c,6 :: 		
0x002E	0x3090      	MOVLW      144
0x002F	0x1283      	BCF        STATUS, 5
0x0030	0x0098      	MOVWF      RCSTA
;__Lib_UART_c67.c,7 :: 		
0x0031	0x1683      	BSF        STATUS, 5
0x0032	0x1787      	BSF        TRISC7_bit, BitPos(TRISC7_bit+0)
;__Lib_UART_c67.c,8 :: 		
0x0033	0x1307      	BCF        TRISC6_bit, BitPos(TRISC6_bit+0)
;__Lib_UART_c67.c,10 :: 		
L_UART1_Init0:
0x0034	0x1283      	BCF        STATUS, 5
0x0035	0x1E8C      	BTFSS      PIR1, 5
0x0036	0x283A      	GOTO       L_UART1_Init1
;__Lib_UART_c67.c,11 :: 		
0x0037	0x081A      	MOVF       RCREG, 0
0x0038	0x00F0      	MOVWF      R0
0x0039	0x2834      	GOTO       L_UART1_Init0
L_UART1_Init1:
;__Lib_UART_c67.c,12 :: 		
L_end_UART1_Init:
0x003A	0x0008      	RETURN
; end of _UART1_Init
_____DoICP:
;__Lib_System.c,6 :: 		
;__Lib_System.c,9 :: 		
0x003B	0x1283      	BCF        STATUS, 5
0x003C	0x1303      	BCF        STATUS, 6
0x003D	0x0825      	MOVF       ___DoICPAddr+1, 0
0x003E	0x008A      	MOVWF      PCLATH
;__Lib_System.c,10 :: 		
0x003F	0x0824      	MOVF       ___DoICPAddr, 0
0x0040	0x0082      	MOVWF      PCL
;__Lib_System.c,12 :: 		
L_end_____DoICP:
0x0041	0x0008      	RETURN
; end of _____DoICP
_initConfig:
;Configurador.c,48 :: 		void initConfig(){
;Configurador.c,49 :: 		UART1_Init(9600);
0x0042	0x3019      	MOVLW      25
0x0043	0x1683      	BSF        STATUS, 5
0x0044	0x1303      	BCF        STATUS, 6
0x0045	0x0099      	MOVWF      SPBRG
0x0046	0x1518      	BSF        TXSTA, 2
0x0047	0x202B      	CALL       _UART1_Init
;Configurador.c,50 :: 		TRISC.F3 = 0; //CLK SPI
0x0048	0x1683      	BSF        STATUS, 5
0x0049	0x1187      	BCF        TRISC, 3
;Configurador.c,51 :: 		TRISC.F5 = 0; //MOSI - SDO
0x004A	0x1287      	BCF        TRISC, 5
;Configurador.c,52 :: 		TRISC.F4 = 1; //MISO - SDI
0x004B	0x1607      	BSF        TRISC, 4
;Configurador.c,53 :: 		TRISD.F0 = 0; //CS
0x004C	0x1008      	BCF        TRISD, 0
;Configurador.c,54 :: 		SSPSTAT = 0X80;
0x004D	0x3080      	MOVLW      128
0x004E	0x0094      	MOVWF      SSPSTAT
;Configurador.c,55 :: 		SSPCON =  0X20;
0x004F	0x3020      	MOVLW      32
0x0050	0x1283      	BCF        STATUS, 5
0x0051	0x0094      	MOVWF      SSPCON
;Configurador.c,56 :: 		CS = 1;
0x0052	0x1408      	BSF        PORTD, 0
;Configurador.c,57 :: 		Delay_ms(10);
0x0053	0x300D      	MOVLW      13
0x0054	0x00FC      	MOVWF      R12
0x0055	0x30FB      	MOVLW      251
0x0056	0x00FD      	MOVWF      R13
L_initConfig12:
0x0057	0x0BFD      	DECFSZ     R13, 1
0x0058	0x2857      	GOTO       L_initConfig12
0x0059	0x0BFC      	DECFSZ     R12, 1
0x005A	0x2857      	GOTO       L_initConfig12
0x005B	0x0000      	NOP
0x005C	0x0000      	NOP
;Configurador.c,59 :: 		}
L_end_initConfig:
0x005D	0x0008      	RETURN
; end of _initConfig
_readTime:
;Configurador.c,37 :: 		void readTime(byte * currentTime){
;Configurador.c,38 :: 		char i = 0;
0x005E	0x1283      	BCF        STATUS, 5
0x005F	0x1303      	BCF        STATUS, 6
0x0060	0x01B8      	CLRF       readTime_i_L0
;Configurador.c,39 :: 		CS = 0;
0x0061	0x1008      	BCF        PORTD, 0
;Configurador.c,40 :: 		spi_transfer(0x00);
0x0062	0x01BA      	CLRF       FARG_spi_transfer_info
0x0063	0x201F      	CALL       _spi_transfer
;Configurador.c,41 :: 		for (i = 0; i < 7; i++)
0x0064	0x01B8      	CLRF       readTime_i_L0
L_readTime9:
0x0065	0x3007      	MOVLW      7
0x0066	0x0238      	SUBWF      readTime_i_L0, 0
0x0067	0x1803      	BTFSC      STATUS, 0
0x0068	0x2874      	GOTO       L_readTime10
;Configurador.c,43 :: 		currentTime[i] = spi_transfer(0x00);
0x0069	0x0838      	MOVF       readTime_i_L0, 0
0x006A	0x0737      	ADDWF      FARG_readTime_currentTime, 0
0x006B	0x00B9      	MOVWF      FLOC__readTime
0x006C	0x01BA      	CLRF       FARG_spi_transfer_info
0x006D	0x201F      	CALL       _spi_transfer
0x006E	0x0839      	MOVF       FLOC__readTime, 0
0x006F	0x0084      	MOVWF      FSR
0x0070	0x0870      	MOVF       R0, 0
0x0071	0x0080      	MOVWF      INDF
;Configurador.c,41 :: 		for (i = 0; i < 7; i++)
0x0072	0x0AB8      	INCF       readTime_i_L0, 1
;Configurador.c,44 :: 		}
0x0073	0x2865      	GOTO       L_readTime9
L_readTime10:
;Configurador.c,45 :: 		CS = 1;
0x0074	0x1408      	BSF        PORTD, 0
;Configurador.c,46 :: 		}
L_end_readTime:
0x0075	0x0008      	RETURN
; end of _readTime
_setTime:
;Configurador.c,25 :: 		void setTime(byte * info){
;Configurador.c,26 :: 		char i = 0;
0x0076	0x1283      	BCF        STATUS, 5
0x0077	0x1303      	BCF        STATUS, 6
0x0078	0x01B8      	CLRF       setTime_i_L0
;Configurador.c,27 :: 		CS = 0;
0x0079	0x1008      	BCF        PORTD, 0
;Configurador.c,28 :: 		spi_transfer(0x80);
0x007A	0x3080      	MOVLW      128
0x007B	0x00BA      	MOVWF      FARG_spi_transfer_info
0x007C	0x201F      	CALL       _spi_transfer
;Configurador.c,29 :: 		for (i = 0; i < 7; i++)
0x007D	0x01B8      	CLRF       setTime_i_L0
L_setTime5:
0x007E	0x3007      	MOVLW      7
0x007F	0x0238      	SUBWF      setTime_i_L0, 0
0x0080	0x1803      	BTFSC      STATUS, 0
0x0081	0x288A      	GOTO       L_setTime6
;Configurador.c,31 :: 		spi_transfer(info[i]);
0x0082	0x0838      	MOVF       setTime_i_L0, 0
0x0083	0x0737      	ADDWF      FARG_setTime_info, 0
0x0084	0x0084      	MOVWF      FSR
0x0085	0x0800      	MOVF       INDF, 0
0x0086	0x00BA      	MOVWF      FARG_spi_transfer_info
0x0087	0x201F      	CALL       _spi_transfer
;Configurador.c,29 :: 		for (i = 0; i < 7; i++)
0x0088	0x0AB8      	INCF       setTime_i_L0, 1
;Configurador.c,32 :: 		}
0x0089	0x287E      	GOTO       L_setTime5
L_setTime6:
;Configurador.c,33 :: 		CS = 1;
0x008A	0x1408      	BSF        PORTD, 0
;Configurador.c,34 :: 		Delay_ms(10);
0x008B	0x300D      	MOVLW      13
0x008C	0x00FC      	MOVWF      R12
0x008D	0x30FB      	MOVLW      251
0x008E	0x00FD      	MOVWF      R13
L_setTime8:
0x008F	0x0BFD      	DECFSZ     R13, 1
0x0090	0x288F      	GOTO       L_setTime8
0x0091	0x0BFC      	DECFSZ     R12, 1
0x0092	0x288F      	GOTO       L_setTime8
0x0093	0x0000      	NOP
0x0094	0x0000      	NOP
;Configurador.c,35 :: 		}
L_end_setTime:
0x0095	0x0008      	RETURN
; end of _setTime
_readData:
;Configurador.c,17 :: 		unsigned char readData() {
;Configurador.c,18 :: 		while (1){
L_readData2:
;Configurador.c,19 :: 		if(UART1_Data_Ready()){
0x0096	0x2003      	CALL       _UART1_Data_Ready
0x0097	0x0870      	MOVF       R0, 0
0x0098	0x1903      	BTFSC      STATUS, 2
0x0099	0x289C      	GOTO       L_readData4
;Configurador.c,20 :: 		return  UART1_Read();
0x009A	0x200A      	CALL       _UART1_Read
0x009B	0x289D      	GOTO       L_end_readData
;Configurador.c,21 :: 		}
L_readData4:
;Configurador.c,22 :: 		}
0x009C	0x2896      	GOTO       L_readData2
;Configurador.c,23 :: 		}
L_end_readData:
0x009D	0x0008      	RETURN
; end of _readData
___CC2DW:
;__Lib_System.c,134 :: 		
;__Lib_System.c,137 :: 		
_CC2D_Loop1:
;__Lib_System.c,139 :: 		
0x009E	0x203B      	CALL       _____DoICP
0x009F	0x118A      	BCF        PCLATH, 3
0x00A0	0x120A      	BCF        PCLATH, 4
;__Lib_System.c,141 :: 		
0x00A1	0x0080      	MOVWF      INDF
;__Lib_System.c,142 :: 		
0x00A2	0x0A84      	INCF       FSR, 1
;__Lib_System.c,143 :: 		
0x00A3	0x0AA4      	INCF       ___DoICPAddr, 1
;__Lib_System.c,145 :: 		
0x00A4	0x1903      	BTFSC      STATUS, 2
;__Lib_System.c,146 :: 		
0x00A5	0x0AA5      	INCF       ___DoICPAddr+1, 1
;__Lib_System.c,147 :: 		
0x00A6	0x03F0      	DECF       R0, 1
;__Lib_System.c,149 :: 		
0x00A7	0x1D03      	BTFSS      STATUS, 2
;__Lib_System.c,150 :: 		
0x00A8	0x289E      	GOTO       _CC2D_Loop1
;__Lib_System.c,152 :: 		
L_end___CC2DW:
0x00A9	0x0008      	RETURN
; end of ___CC2DW
_UART1_Write_Text:
;__Lib_UART_c67.c,47 :: 		
;__Lib_UART_c67.c,48 :: 		
0x00AA	0x1283      	BCF        STATUS, 5
0x00AB	0x1303      	BCF        STATUS, 6
0x00AC	0x01B9      	CLRF       UART1_Write_Text_counter_L0
;__Lib_UART_c67.c,50 :: 		
0x00AD	0x0837      	MOVF       FARG_UART1_Write_Text_uart_text, 0
0x00AE	0x0084      	MOVWF      FSR
0x00AF	0x0800      	MOVF       INDF, 0
0x00B0	0x00B8      	MOVWF      UART1_Write_Text_data__L0
;__Lib_UART_c67.c,51 :: 		
L_UART1_Write_Text5:
0x00B1	0x0838      	MOVF       UART1_Write_Text_data__L0, 0
0x00B2	0x3A00      	XORLW      0
0x00B3	0x1903      	BTFSC      STATUS, 2
0x00B4	0x28BF      	GOTO       L_UART1_Write_Text6
;__Lib_UART_c67.c,52 :: 		
0x00B5	0x0838      	MOVF       UART1_Write_Text_data__L0, 0
0x00B6	0x00BA      	MOVWF      FARG_UART1_Write_data_
0x00B7	0x2015      	CALL       _UART1_Write
;__Lib_UART_c67.c,53 :: 		
0x00B8	0x0AB9      	INCF       UART1_Write_Text_counter_L0, 1
;__Lib_UART_c67.c,54 :: 		
0x00B9	0x0839      	MOVF       UART1_Write_Text_counter_L0, 0
0x00BA	0x0737      	ADDWF      FARG_UART1_Write_Text_uart_text, 0
0x00BB	0x0084      	MOVWF      FSR
0x00BC	0x0800      	MOVF       INDF, 0
0x00BD	0x00B8      	MOVWF      UART1_Write_Text_data__L0
;__Lib_UART_c67.c,55 :: 		
0x00BE	0x28B1      	GOTO       L_UART1_Write_Text5
L_UART1_Write_Text6:
;__Lib_UART_c67.c,56 :: 		
L_end_UART1_Write_Text:
0x00BF	0x0008      	RETURN
; end of _UART1_Write_Text
_main:
0x00C0	0x304F      	MOVLW      79
0x00C1	0x1283      	BCF        STATUS, 5
0x00C2	0x1303      	BCF        STATUS, 6
0x00C3	0x00A0      	MOVWF      ?lstr1_Configurador
0x00C4	0x304B      	MOVLW      75
0x00C5	0x00A1      	MOVWF      33
0x00C6	0x300A      	MOVLW      10
0x00C7	0x00A2      	MOVWF      34
0x00C8	0x01A3      	CLRF       35
;Configurador.c,61 :: 		void main() {
;Configurador.c,62 :: 		byte text[10], i, buff[10], check = 0, date[] = {0x59,0x30,0x05,0x00,0x28,0x04,0x20}, date2[7] = {0x00};
0x00C9	0x01A7      	CLRF       main_check_L0
0x00CA	0x3059      	MOVLW      89
0x00CB	0x00A8      	MOVWF      main_date_L0
0x00CC	0x3030      	MOVLW      48
0x00CD	0x00A9      	MOVWF      main_date_L0+1
0x00CE	0x3005      	MOVLW      5
0x00CF	0x00AA      	MOVWF      main_date_L0+2
0x00D0	0x01AB      	CLRF       main_date_L0+3
0x00D1	0x3028      	MOVLW      40
0x00D2	0x00AC      	MOVWF      main_date_L0+4
0x00D3	0x3004      	MOVLW      4
0x00D4	0x00AD      	MOVWF      main_date_L0+5
0x00D5	0x3020      	MOVLW      32
0x00D6	0x00AE      	MOVWF      main_date_L0+6
0x00D7	0x01AF      	CLRF       main_date2_L0
0x00D8	0x01B0      	CLRF       main_date2_L0+1
0x00D9	0x01B1      	CLRF       main_date2_L0+2
0x00DA	0x01B2      	CLRF       main_date2_L0+3
0x00DB	0x01B3      	CLRF       main_date2_L0+4
0x00DC	0x01B4      	CLRF       main_date2_L0+5
0x00DD	0x01B5      	CLRF       main_date2_L0+6
;Configurador.c,63 :: 		initConfig();
0x00DE	0x2042      	CALL       _initConfig
;Configurador.c,64 :: 		setTime(date);
0x00DF	0x3028      	MOVLW      main_date_L0
0x00E0	0x00B7      	MOVWF      FARG_setTime_info
0x00E1	0x2076      	CALL       _setTime
;Configurador.c,65 :: 		while (1) {
L_main13:
;Configurador.c,66 :: 		check = 0;
0x00E2	0x01A7      	CLRF       main_check_L0
;Configurador.c,67 :: 		if(UART1_Data_Ready()){
0x00E3	0x2003      	CALL       _UART1_Data_Ready
0x00E4	0x0870      	MOVF       R0, 0
0x00E5	0x1903      	BTFSC      STATUS, 2
0x00E6	0x2917      	GOTO       L_main15
;Configurador.c,68 :: 		check = UART1_Read();
0x00E7	0x200A      	CALL       _UART1_Read
0x00E8	0x0870      	MOVF       R0, 0
0x00E9	0x00A7      	MOVWF      main_check_L0
;Configurador.c,69 :: 		if(check == 'r'){
0x00EA	0x0870      	MOVF       R0, 0
0x00EB	0x3A72      	XORLW      114
0x00EC	0x1D03      	BTFSS      STATUS, 2
0x00ED	0x28FE      	GOTO       L_main16
;Configurador.c,70 :: 		readTime(date2);
0x00EE	0x302F      	MOVLW      main_date2_L0
0x00EF	0x00B7      	MOVWF      FARG_readTime_currentTime
0x00F0	0x205E      	CALL       _readTime
;Configurador.c,71 :: 		for (i = 0; i <7; i++)
0x00F1	0x01A6      	CLRF       main_i_L0
L_main17:
0x00F2	0x3007      	MOVLW      7
0x00F3	0x0226      	SUBWF      main_i_L0, 0
0x00F4	0x1803      	BTFSC      STATUS, 0
0x00F5	0x28FE      	GOTO       L_main18
;Configurador.c,73 :: 		UART1_Write(date2[i]);
0x00F6	0x0826      	MOVF       main_i_L0, 0
0x00F7	0x3E2F      	ADDLW      main_date2_L0
0x00F8	0x0084      	MOVWF      FSR
0x00F9	0x0800      	MOVF       INDF, 0
0x00FA	0x00BA      	MOVWF      FARG_UART1_Write_data_
0x00FB	0x2015      	CALL       _UART1_Write
;Configurador.c,71 :: 		for (i = 0; i <7; i++)
0x00FC	0x0AA6      	INCF       main_i_L0, 1
;Configurador.c,74 :: 		}
0x00FD	0x28F2      	GOTO       L_main17
L_main18:
;Configurador.c,75 :: 		}
L_main16:
;Configurador.c,76 :: 		if(check == 's'){
0x00FE	0x0827      	MOVF       main_check_L0, 0
0x00FF	0x3A73      	XORLW      115
0x0100	0x1D03      	BTFSS      STATUS, 2
0x0101	0x2917      	GOTO       L_main20
;Configurador.c,77 :: 		for(i = 0; i<7; i++){
0x0102	0x01A6      	CLRF       main_i_L0
L_main21:
0x0103	0x3007      	MOVLW      7
0x0104	0x0226      	SUBWF      main_i_L0, 0
0x0105	0x1803      	BTFSC      STATUS, 0
0x0106	0x2911      	GOTO       L_main22
;Configurador.c,78 :: 		date[i] =readData();
0x0107	0x0826      	MOVF       main_i_L0, 0
0x0108	0x3E28      	ADDLW      main_date_L0
0x0109	0x00B6      	MOVWF      FLOC__main
0x010A	0x2096      	CALL       _readData
0x010B	0x0836      	MOVF       FLOC__main, 0
0x010C	0x0084      	MOVWF      FSR
0x010D	0x0870      	MOVF       R0, 0
0x010E	0x0080      	MOVWF      INDF
;Configurador.c,77 :: 		for(i = 0; i<7; i++){
0x010F	0x0AA6      	INCF       main_i_L0, 1
;Configurador.c,79 :: 		}
0x0110	0x2903      	GOTO       L_main21
L_main22:
;Configurador.c,80 :: 		setTime(date);
0x0111	0x3028      	MOVLW      main_date_L0
0x0112	0x00B7      	MOVWF      FARG_setTime_info
0x0113	0x2076      	CALL       _setTime
;Configurador.c,81 :: 		UART1_Write_Text("OK\n");
0x0114	0x3020      	MOVLW      ?lstr1_Configurador
0x0115	0x00B7      	MOVWF      FARG_UART1_Write_Text_uart_text
0x0116	0x20AA      	CALL       _UART1_Write_Text
;Configurador.c,82 :: 		}
L_main20:
;Configurador.c,83 :: 		}
L_main15:
;Configurador.c,84 :: 		}
0x0117	0x28E2      	GOTO       L_main13
;Configurador.c,85 :: 		}
L_end_main:
0x0118	0x2918      	GOTO       $+0
; end of _main
Symbol List:
//** Routines locations **
//ADDRESS    SIZE    PROCEDURE
//----------------------------------------------
0x0003       [7]    _UART1_Data_Ready
0x000A      [11]    _UART1_Read
0x0015      [10]    _UART1_Write
0x001F      [12]    _spi_transfer
0x002B      [16]    _UART1_Init
0x003B       [7]    _____DoICP
0x0042      [28]    _initConfig
0x005E      [24]    _readTime
0x0076      [32]    _setTime
0x0096       [8]    _readData
0x009E      [12]    ___CC2DW
0x00AA      [22]    _UART1_Write_Text
0x00C0      [89]    _main
//** Variables locations ** 
//ADDRESS    SIZE    VARIABLE
//----------------------------------------------
0x0000       [1]    INDF
0x0002       [1]    PCL
0x0003       [1]    STATUS
0x0004       [1]    FSR
0x0008       [1]    PORTD
0x000A       [1]    PCLATH
0x000C       [1]    PIR1
0x0013       [1]    SSPBUF
0x0014       [1]    SSPCON
0x0018       [1]    RCSTA
0x0019       [1]    TXREG
0x001A       [1]    RCREG
0x0020       [4]    ?lstr1_Configurador
0x0024       [2]    ___DoICPAddr
0x0026       [1]    main_i_L0
0x0027       [1]    main_check_L0
0x0028       [7]    main_date_L0
0x002F       [7]    main_date2_L0
0x0036       [1]    FLOC__main
0x0037       [1]    FARG_UART1_Write_Text_uart_text
0x0037       [1]    FARG_readTime_currentTime
0x0037       [1]    FARG_setTime_info
0x0038       [1]    setTime_i_L0
0x0038       [1]    readTime_i_L0
0x0038       [1]    UART1_Write_Text_data__L0
0x0039       [1]    FLOC__readTime
0x0039       [1]    UART1_Write_Text_counter_L0
0x003A       [1]    FARG_spi_transfer_info
0x003A       [1]    FARG_UART1_Write_data_
0x0070       [1]    R0
0x0071       [1]    R1
0x0072       [1]    R2
0x0073       [1]    R3
0x0074       [1]    R4
0x0075       [1]    R5
0x0076       [1]    R6
0x0077       [1]    R7
0x0078       [1]    R8
0x0079       [1]    R9
0x007A       [1]    R10
0x007B       [1]    R11
0x007C       [1]    R12
0x007D       [1]    R13
0x007E       [1]    R14
0x007F       [1]    R15
0x0087       [0]    TRISC6_bit
0x0087       [1]    TRISC
0x0087       [0]    TRISC7_bit
0x0088       [1]    TRISD
0x0094       [1]    SSPSTAT
0x0098       [1]    TXSTA
0x0099       [1]    SPBRG
0x009A       [1]    SPBRGH
